

============================== 2023-01-17 14:08:44.870918 | 4f4c6fdc-f98e-47ab-bea7-d40f4a50d33d ==============================
[0m14:08:44.870924 [info ] [MainThread]: Running with dbt=1.3.0
[0m14:08:44.871125 [debug] [MainThread]: running dbt with arguments {'write_json': True, 'use_colors': True, 'printer_width': 80, 'version_check': True, 'partial_parse': True, 'static_parser': True, 'profiles_dir': '/Users/marketatrunkatova/.dbt', 'send_anonymous_usage_stats': True, 'event_buffer_size': 100000, 'quiet': False, 'no_print': False, 'project_name': 'greenery', 'skip_profile_setup': False, 'which': 'init', 'indirect_selection': 'eager'}
[0m14:08:44.871239 [debug] [MainThread]: Tracking: tracking
[0m14:08:44.882199 [debug] [MainThread]: Sending event: {'category': 'dbt', 'action': 'invocation', 'label': 'start', 'context': [<snowplow_tracker.self_describing_json.SelfDescribingJson object at 0x1068f5e20>, <snowplow_tracker.self_describing_json.SelfDescribingJson object at 0x1068f5bb0>, <snowplow_tracker.self_describing_json.SelfDescribingJson object at 0x1068f5be0>]}
[0m14:08:44.883030 [info ] [MainThread]: Creating dbt configuration folder at /Users/marketatrunkatova/.dbt
[0m14:08:44.895527 [debug] [MainThread]: Starter project path: /opt/homebrew/Cellar/dbt-snowflake/1.3.0/libexec/lib/python3.9/site-packages/dbt/include/starter_project
[0m14:13:57.211043 [info ] [MainThread]: Profile greenery written to /Users/marketatrunkatova/.dbt/profiles.yml using target's profile_template.yml and your supplied values. Run 'dbt debug' to validate the connection.
[0m14:13:57.212883 [info ] [MainThread]: 
Your new dbt project "greenery" was created!

For more information on how to configure the profiles.yml file,
please consult the dbt documentation here:

  https://docs.getdbt.com/docs/configure-your-profile

One more thing:

Need help? Don't hesitate to reach out to us via GitHub issues or on Slack:

  https://community.getdbt.com/

Happy modeling!

[0m14:13:57.213754 [debug] [MainThread]: Sending event: {'category': 'dbt', 'action': 'invocation', 'label': 'end', 'context': [<snowplow_tracker.self_describing_json.SelfDescribingJson object at 0x1072613a0>, <snowplow_tracker.self_describing_json.SelfDescribingJson object at 0x107261700>, <snowplow_tracker.self_describing_json.SelfDescribingJson object at 0x107258c40>]}
[0m14:13:57.214267 [debug] [MainThread]: Flushing usage events


============================== 2023-01-17 14:15:57.626629 | 7d98cf64-9808-4b29-aae3-ec998594cde0 ==============================
[0m14:15:57.626635 [info ] [MainThread]: Running with dbt=1.3.0
[0m14:15:57.626906 [debug] [MainThread]: running dbt with arguments {'write_json': True, 'use_colors': True, 'printer_width': 80, 'version_check': True, 'partial_parse': True, 'static_parser': True, 'profiles_dir': '/Users/marketatrunkatova/.dbt', 'send_anonymous_usage_stats': True, 'event_buffer_size': 100000, 'quiet': False, 'no_print': False, 'config_dir': False, 'which': 'debug', 'indirect_selection': 'eager'}
[0m14:15:57.626970 [debug] [MainThread]: Tracking: tracking
[0m14:15:57.636682 [debug] [MainThread]: Sending event: {'category': 'dbt', 'action': 'invocation', 'label': 'start', 'context': [<snowplow_tracker.self_describing_json.SelfDescribingJson object at 0x108916bb0>, <snowplow_tracker.self_describing_json.SelfDescribingJson object at 0x10891d490>, <snowplow_tracker.self_describing_json.SelfDescribingJson object at 0x10891d7c0>]}
[0m14:15:57.842804 [debug] [MainThread]: Executing "git --help"
[0m14:15:57.858867 [debug] [MainThread]: STDOUT: "b"usage: git [-v | --version] [-h | --help] [-C <path>] [-c <name>=<value>]\n           [--exec-path[=<path>]] [--html-path] [--man-path] [--info-path]\n           [-p | --paginate | -P | --no-pager] [--no-replace-objects] [--bare]\n           [--git-dir=<path>] [--work-tree=<path>] [--namespace=<name>]\n           [--super-prefix=<path>] [--config-env=<name>=<envvar>]\n           <command> [<args>]\n\nThese are common Git commands used in various situations:\n\nstart a working area (see also: git help tutorial)\n   clone     Clone a repository into a new directory\n   init      Create an empty Git repository or reinitialize an existing one\n\nwork on the current change (see also: git help everyday)\n   add       Add file contents to the index\n   mv        Move or rename a file, a directory, or a symlink\n   restore   Restore working tree files\n   rm        Remove files from the working tree and from the index\n\nexamine the history and state (see also: git help revisions)\n   bisect    Use binary search to find the commit that introduced a bug\n   diff      Show changes between commits, commit and working tree, etc\n   grep      Print lines matching a pattern\n   log       Show commit logs\n   show      Show various types of objects\n   status    Show the working tree status\n\ngrow, mark and tweak your common history\n   branch    List, create, or delete branches\n   commit    Record changes to the repository\n   merge     Join two or more development histories together\n   rebase    Reapply commits on top of another base tip\n   reset     Reset current HEAD to the specified state\n   switch    Switch branches\n   tag       Create, list, delete or verify a tag object signed with GPG\n\ncollaborate (see also: git help workflows)\n   fetch     Download objects and refs from another repository\n   pull      Fetch from and integrate with another repository or a local branch\n   push      Update remote refs along with associated objects\n\n'git help -a' and 'git help -g' list available subcommands and some\nconcept guides. See 'git help <command>' or 'git help <concept>'\nto read about a specific subcommand or concept.\nSee 'git help git' for an overview of the system.\n""
[0m14:15:57.859201 [debug] [MainThread]: STDERR: "b''"
[0m14:15:58.119074 [debug] [MainThread]: Acquiring new snowflake connection "debug"
[0m14:15:58.126337 [debug] [MainThread]: Using snowflake connection "debug"
[0m14:15:58.126773 [debug] [MainThread]: On debug: select 1 as id
[0m14:15:58.127032 [debug] [MainThread]: Opening a new connection, currently in state init
[0m14:16:00.477163 [debug] [MainThread]: SQL status: SUCCESS 1 in 2.35 seconds
[0m14:16:00.479829 [debug] [MainThread]: On debug: Close
[0m14:16:00.784852 [debug] [MainThread]: Sending event: {'category': 'dbt', 'action': 'invocation', 'label': 'end', 'context': [<snowplow_tracker.self_describing_json.SelfDescribingJson object at 0x1092d9a60>, <snowplow_tracker.self_describing_json.SelfDescribingJson object at 0x109663d00>, <snowplow_tracker.self_describing_json.SelfDescribingJson object at 0x109663700>]}
[0m14:16:00.785688 [debug] [MainThread]: Flushing usage events
[0m14:16:01.214283 [debug] [MainThread]: Connection 'debug' was properly closed.


============================== 2023-01-21 12:09:03.566352 | 4c90f8ae-f5a4-47e8-8243-0b5ff2a66906 ==============================
[0m12:09:03.566358 [info ] [MainThread]: Running with dbt=1.3.0
[0m12:09:03.566650 [debug] [MainThread]: running dbt with arguments {'write_json': True, 'use_colors': True, 'printer_width': 80, 'version_check': True, 'partial_parse': True, 'static_parser': True, 'profiles_dir': '/Users/marketatrunkatova/.dbt', 'send_anonymous_usage_stats': True, 'event_buffer_size': 100000, 'quiet': False, 'no_print': False, 'config_dir': False, 'which': 'debug', 'indirect_selection': 'eager'}
[0m12:09:03.566717 [debug] [MainThread]: Tracking: tracking
[0m12:09:03.579012 [debug] [MainThread]: Sending event: {'category': 'dbt', 'action': 'invocation', 'label': 'start', 'context': [<snowplow_tracker.self_describing_json.SelfDescribingJson object at 0x107a459a0>, <snowplow_tracker.self_describing_json.SelfDescribingJson object at 0x107a45ee0>, <snowplow_tracker.self_describing_json.SelfDescribingJson object at 0x107a45970>]}
[0m12:09:03.916359 [debug] [MainThread]: Executing "git --help"
[0m12:09:03.935731 [debug] [MainThread]: STDOUT: "b"usage: git [-v | --version] [-h | --help] [-C <path>] [-c <name>=<value>]\n           [--exec-path[=<path>]] [--html-path] [--man-path] [--info-path]\n           [-p | --paginate | -P | --no-pager] [--no-replace-objects] [--bare]\n           [--git-dir=<path>] [--work-tree=<path>] [--namespace=<name>]\n           [--super-prefix=<path>] [--config-env=<name>=<envvar>]\n           <command> [<args>]\n\nThese are common Git commands used in various situations:\n\nstart a working area (see also: git help tutorial)\n   clone     Clone a repository into a new directory\n   init      Create an empty Git repository or reinitialize an existing one\n\nwork on the current change (see also: git help everyday)\n   add       Add file contents to the index\n   mv        Move or rename a file, a directory, or a symlink\n   restore   Restore working tree files\n   rm        Remove files from the working tree and from the index\n\nexamine the history and state (see also: git help revisions)\n   bisect    Use binary search to find the commit that introduced a bug\n   diff      Show changes between commits, commit and working tree, etc\n   grep      Print lines matching a pattern\n   log       Show commit logs\n   show      Show various types of objects\n   status    Show the working tree status\n\ngrow, mark and tweak your common history\n   branch    List, create, or delete branches\n   commit    Record changes to the repository\n   merge     Join two or more development histories together\n   rebase    Reapply commits on top of another base tip\n   reset     Reset current HEAD to the specified state\n   switch    Switch branches\n   tag       Create, list, delete or verify a tag object signed with GPG\n\ncollaborate (see also: git help workflows)\n   fetch     Download objects and refs from another repository\n   pull      Fetch from and integrate with another repository or a local branch\n   push      Update remote refs along with associated objects\n\n'git help -a' and 'git help -g' list available subcommands and some\nconcept guides. See 'git help <command>' or 'git help <concept>'\nto read about a specific subcommand or concept.\nSee 'git help git' for an overview of the system.\n""
[0m12:09:03.936197 [debug] [MainThread]: STDERR: "b''"
[0m12:09:04.096247 [debug] [MainThread]: Acquiring new snowflake connection "debug"
[0m12:09:04.098167 [debug] [MainThread]: Using snowflake connection "debug"
[0m12:09:04.098307 [debug] [MainThread]: On debug: select 1 as id
[0m12:09:04.098404 [debug] [MainThread]: Opening a new connection, currently in state init
[0m12:09:05.822593 [debug] [MainThread]: SQL status: SUCCESS 1 in 1.72 seconds
[0m12:09:05.825159 [debug] [MainThread]: On debug: Close
[0m12:09:06.107787 [debug] [MainThread]: Sending event: {'category': 'dbt', 'action': 'invocation', 'label': 'end', 'context': [<snowplow_tracker.self_describing_json.SelfDescribingJson object at 0x107a54820>, <snowplow_tracker.self_describing_json.SelfDescribingJson object at 0x1184ffa30>, <snowplow_tracker.self_describing_json.SelfDescribingJson object at 0x1184ff940>]}
[0m12:09:06.108647 [debug] [MainThread]: Flushing usage events
[0m12:09:06.666762 [debug] [MainThread]: Connection 'debug' was properly closed.


============================== 2023-01-21 12:12:06.188998 | bf6ca892-a7cb-4fd8-a919-adc91506fc40 ==============================
[0m12:12:06.189004 [info ] [MainThread]: Running with dbt=1.3.0
[0m12:12:06.189514 [debug] [MainThread]: running dbt with arguments {'write_json': True, 'use_colors': True, 'printer_width': 80, 'version_check': True, 'partial_parse': True, 'static_parser': True, 'profiles_dir': '/Users/marketatrunkatova/.dbt', 'send_anonymous_usage_stats': True, 'event_buffer_size': 100000, 'quiet': False, 'no_print': False, 'config_dir': True, 'which': 'debug', 'indirect_selection': 'eager'}
[0m12:12:06.189580 [debug] [MainThread]: Tracking: tracking
[0m12:12:06.199496 [debug] [MainThread]: Sending event: {'category': 'dbt', 'action': 'invocation', 'label': 'start', 'context': [<snowplow_tracker.self_describing_json.SelfDescribingJson object at 0x107ca6c40>, <snowplow_tracker.self_describing_json.SelfDescribingJson object at 0x107ca64c0>, <snowplow_tracker.self_describing_json.SelfDescribingJson object at 0x107ca61f0>]}
[0m12:12:06.200213 [info ] [MainThread]: To view your profiles.yml file, run:

open /Users/marketatrunkatova/.dbt
[0m12:12:06.200423 [debug] [MainThread]: Sending event: {'category': 'dbt', 'action': 'invocation', 'label': 'end', 'context': [<snowplow_tracker.self_describing_json.SelfDescribingJson object at 0x107ca64c0>, <snowplow_tracker.self_describing_json.SelfDescribingJson object at 0x107ca61f0>, <snowplow_tracker.self_describing_json.SelfDescribingJson object at 0x107ca63a0>]}
[0m12:12:06.200962 [debug] [MainThread]: Flushing usage events


============================== 2023-01-21 12:32:59.274187 | 3a1a426f-a02e-49db-a9df-586b78e421e0 ==============================
[0m12:32:59.274193 [info ] [MainThread]: Running with dbt=1.3.0
[0m12:32:59.274583 [debug] [MainThread]: running dbt with arguments {'write_json': True, 'use_colors': True, 'printer_width': 80, 'version_check': True, 'partial_parse': True, 'static_parser': True, 'profiles_dir': '/Users/marketatrunkatova/.dbt', 'send_anonymous_usage_stats': True, 'event_buffer_size': 100000, 'quiet': False, 'no_print': False, 'config_dir': True, 'which': 'debug', 'indirect_selection': 'eager'}
[0m12:32:59.274649 [debug] [MainThread]: Tracking: tracking
[0m12:32:59.286048 [debug] [MainThread]: Sending event: {'category': 'dbt', 'action': 'invocation', 'label': 'start', 'context': [<snowplow_tracker.self_describing_json.SelfDescribingJson object at 0x106baac10>, <snowplow_tracker.self_describing_json.SelfDescribingJson object at 0x106baa5b0>, <snowplow_tracker.self_describing_json.SelfDescribingJson object at 0x106baa190>]}
[0m12:32:59.286598 [info ] [MainThread]: To view your profiles.yml file, run:

open /Users/marketatrunkatova/.dbt
[0m12:32:59.286798 [debug] [MainThread]: Sending event: {'category': 'dbt', 'action': 'invocation', 'label': 'end', 'context': [<snowplow_tracker.self_describing_json.SelfDescribingJson object at 0x106baa5b0>, <snowplow_tracker.self_describing_json.SelfDescribingJson object at 0x106baa190>, <snowplow_tracker.self_describing_json.SelfDescribingJson object at 0x106baa370>]}
[0m12:32:59.287058 [debug] [MainThread]: Flushing usage events


============================== 2023-01-21 12:47:23.735617 | b07c3d84-d1a1-4480-8b79-f73a836d2f40 ==============================
[0m12:47:23.735626 [info ] [MainThread]: Running with dbt=1.3.0
[0m12:47:23.735953 [debug] [MainThread]: running dbt with arguments {'write_json': True, 'use_colors': True, 'printer_width': 80, 'version_check': True, 'partial_parse': True, 'static_parser': True, 'profiles_dir': '/Users/marketatrunkatova/.dbt', 'send_anonymous_usage_stats': True, 'event_buffer_size': 100000, 'quiet': False, 'no_print': False, 'config_dir': False, 'which': 'debug', 'indirect_selection': 'eager'}
[0m12:47:23.736018 [debug] [MainThread]: Tracking: tracking
[0m12:47:23.745099 [debug] [MainThread]: Sending event: {'category': 'dbt', 'action': 'invocation', 'label': 'start', 'context': [<snowplow_tracker.self_describing_json.SelfDescribingJson object at 0x1087f53d0>, <snowplow_tracker.self_describing_json.SelfDescribingJson object at 0x1087f5100>, <snowplow_tracker.self_describing_json.SelfDescribingJson object at 0x1087f5580>]}
[0m12:47:23.941481 [debug] [MainThread]: Executing "git --help"
[0m12:47:23.952584 [debug] [MainThread]: STDOUT: "b"usage: git [-v | --version] [-h | --help] [-C <path>] [-c <name>=<value>]\n           [--exec-path[=<path>]] [--html-path] [--man-path] [--info-path]\n           [-p | --paginate | -P | --no-pager] [--no-replace-objects] [--bare]\n           [--git-dir=<path>] [--work-tree=<path>] [--namespace=<name>]\n           [--super-prefix=<path>] [--config-env=<name>=<envvar>]\n           <command> [<args>]\n\nThese are common Git commands used in various situations:\n\nstart a working area (see also: git help tutorial)\n   clone     Clone a repository into a new directory\n   init      Create an empty Git repository or reinitialize an existing one\n\nwork on the current change (see also: git help everyday)\n   add       Add file contents to the index\n   mv        Move or rename a file, a directory, or a symlink\n   restore   Restore working tree files\n   rm        Remove files from the working tree and from the index\n\nexamine the history and state (see also: git help revisions)\n   bisect    Use binary search to find the commit that introduced a bug\n   diff      Show changes between commits, commit and working tree, etc\n   grep      Print lines matching a pattern\n   log       Show commit logs\n   show      Show various types of objects\n   status    Show the working tree status\n\ngrow, mark and tweak your common history\n   branch    List, create, or delete branches\n   commit    Record changes to the repository\n   merge     Join two or more development histories together\n   rebase    Reapply commits on top of another base tip\n   reset     Reset current HEAD to the specified state\n   switch    Switch branches\n   tag       Create, list, delete or verify a tag object signed with GPG\n\ncollaborate (see also: git help workflows)\n   fetch     Download objects and refs from another repository\n   pull      Fetch from and integrate with another repository or a local branch\n   push      Update remote refs along with associated objects\n\n'git help -a' and 'git help -g' list available subcommands and some\nconcept guides. See 'git help <command>' or 'git help <concept>'\nto read about a specific subcommand or concept.\nSee 'git help git' for an overview of the system.\n""
[0m12:47:23.952953 [debug] [MainThread]: STDERR: "b''"
[0m12:47:23.956528 [debug] [MainThread]: Acquiring new snowflake connection "debug"
[0m12:47:23.957289 [debug] [MainThread]: Using snowflake connection "debug"
[0m12:47:23.957378 [debug] [MainThread]: On debug: select 1 as id
[0m12:47:23.957450 [debug] [MainThread]: Opening a new connection, currently in state init
[0m12:47:25.302322 [debug] [MainThread]: SQL status: SUCCESS 1 in 1.34 seconds
[0m12:47:25.304742 [debug] [MainThread]: On debug: Close
[0m12:47:25.577650 [debug] [MainThread]: Sending event: {'category': 'dbt', 'action': 'invocation', 'label': 'end', 'context': [<snowplow_tracker.self_describing_json.SelfDescribingJson object at 0x1091a1ee0>, <snowplow_tracker.self_describing_json.SelfDescribingJson object at 0x1091a1ac0>, <snowplow_tracker.self_describing_json.SelfDescribingJson object at 0x1091a1970>]}
[0m12:47:25.578132 [debug] [MainThread]: Flushing usage events
[0m12:47:26.136717 [debug] [MainThread]: Connection 'debug' was properly closed.
